[1022/180857.637:ERROR:http_transport_win.cc(276)] WinHttpSendRequest: The operation completed successfully. (0x0)
[1022/231310.193:ERROR:process_memory_win.cc(73)] ReadMemory at 0x7ff69a330000 of 64 bytes failed: Only part of a ReadProcessMemory or WriteProcessMemory request was completed. (0x12B)
[1022/231311.253:WARNING:pe_image_reader.cc(340)] could not read dos header from C:\Program Files (x86)\Google\Chrome\Application\chrome.exe
[1022/231311.253:ERROR:process_memory_win.cc(73)] ReadMemory at 0x7ff86c140000 of 64 bytes failed: Only part of a ReadProcessMemory or WriteProcessMemory request was completed. (0x12B)
[1022/231311.253:WARNING:pe_image_reader.cc(340)] could not read dos header from C:\WINDOWS\SYSTEM32\ntdll.dll
[1022/231311.314:ERROR:process_memory_win.cc(73)] ReadMemory at 0x7ff86b820000 of 64 bytes failed: Only part of a ReadProcessMemory or WriteProcessMemory request was completed. (0x12B)
[1022/231311.314:WARNING:pe_image_reader.cc(340)] could not read dos header from C:\WINDOWS\System32\KERNEL32.DLL
[1022/231311.314:ERROR:process_memory_win.cc(73)] ReadMemory at 0x7ff869a10000 of 64 bytes failed: Only part of a ReadProcessMemory or WriteProcessMemory request was completed. (0x12B)
[1022/231311.314:WARNING:pe_image_reader.cc(340)] could not read dos header from C:\WINDOWS\System32\KERNELBASE.dll
[1022/231311.314:ERROR:process_memory_win.cc(73)] ReadMemory at 0x7ff8306e0000 of 64 bytes failed: Only part of a ReadProcessMemory or WriteProcessMemory request was completed. (0x12B)
[1022/231311.314:WARNING:pe_image_reader.cc(340)] could not read dos header from C:\Program Files (x86)\Google\Chrome\Application\77.0.3865.120\chrome_elf.dll
[1022/231311.314:ERROR:process_memory_win.cc(73)] ReadMemory at 0x7ff862830000 of 64 bytes failed: Only part of a ReadProcessMemory or WriteProcessMemory request was completed. (0x12B)
[1022/231311.314:WARNING:pe_image_reader.cc(340)] could not read dos header from C:\WINDOWS\SYSTEM32\VERSION.dll
[1022/231311.314:ERROR:process_memory_win.cc(73)] ReadMemory at 0x7ff86bbf0000 of 64 bytes failed: Only part of a ReadProcessMemory or WriteProcessMemory request was completed. (0x12B)
[1022/231311.314:WARNING:pe_image_reader.cc(340)] could not read dos header from C:\WINDOWS\System32\msvcrt.dll
[1022/231311.314:ERROR:process_memory_win.cc(73)] ReadMemory at 0x7ff869d60000 of 64 bytes failed: Only part of a ReadProcessMemory or WriteProcessMemory request was completed. (0x12B)
[1022/231311.314:WARNING:pe_image_reader.cc(340)] could not read dos header from C:\WINDOWS\System32\bcryptPrimitives.dll
[1022/231311.315:ERROR:process_memory_win.cc(73)] ReadMemory at 0x7ff8670c0000 of 64 bytes failed: Only part of a ReadProcessMemory or WriteProcessMemory request was completed. (0x12B)
[1022/231311.315:WARNING:pe_image_reader.cc(340)] could not read dos header from C:\WINDOWS\SYSTEM32\WINMM.dll
[1022/231311.315:ERROR:process_memory_win.cc(73)] ReadMemory at 0x7ff867090000 of 64 bytes failed: Only part of a ReadProcessMemory or WriteProcessMemory request was completed. (0x12B)
[1022/231311.315:WARNING:pe_image_reader.cc(340)] could not read dos header from C:\WINDOWS\SYSTEM32\WINMMBASE.dll
[1022/231311.315:ERROR:process_memory_win.cc(73)] ReadMemory at 0x7ff8699a0000 of 64 bytes failed: Only part of a ReadProcessMemory or WriteProcessMemory request was completed. (0x12B)
[1022/231311.315:WARNING:pe_image_reader.cc(340)] could not read dos header from C:\WINDOWS\System32\cfgmgr32.dll
[1022/231311.315:ERROR:process_memory_win.cc(73)] ReadMemory at 0x7ff869ea0000 of 64 bytes failed: Only part of a ReadProcessMemory or WriteProcessMemory request was completed. (0x12B)
[1022/231311.315:WARNING:pe_image_reader.cc(340)] could not read dos header from C:\WINDOWS\System32\ucrtbase.dll
[1022/231311.315:ERROR:process_memory_win.cc(73)] ReadMemory at 0x7ff86aea0000 of 64 bytes failed: Only part of a ReadProcessMemory or WriteProcessMemory request was completed. (0x12B)
[1022/231311.315:WARNING:pe_image_reader.cc(340)] could not read dos header from C:\WINDOWS\System32\ADVAPI32.dll
[1022/231311.315:ERROR:process_memory_win.cc(73)] ReadMemory at 0x7ff86a2c0000 of 64 bytes failed: Only part of a ReadProcessMemory or WriteProcessMemory request was completed. (0x12B)
[1022/231311.315:WARNING:pe_image_reader.cc(340)] could not read dos header from C:\WINDOWS\System32\sechost.dll
[1022/231311.315:ERROR:process_memory_win.cc(73)] ReadMemory at 0x7ff86aaf0000 of 64 bytes failed: Only part of a ReadProcessMemory or WriteProcessMemory request was completed. (0x12B)
[1022/231311.315:WARNING:pe_image_reader.cc(340)] could not read dos header from C:\WINDOWS\System32\RPCRT4.dll
[1022/231311.315:ERROR:process_memory_win.cc(73)] ReadMemory at 0x7ff824f50000 of 64 bytes failed: Only part of a ReadProcessMemory or WriteProcessMemory request was completed. (0x12B)
[1022/231311.316:WARNING:pe_image_reader.cc(340)] could not read dos header from C:\Program Files (x86)\Google\Chrome\Application\77.0.3865.120\chrome_child.dll
[1022/231311.316:ERROR:process_memory_win.cc(73)] ReadMemory at 0x7ff86a1f0000 of 64 bytes failed: Only part of a ReadProcessMemory or WriteProcessMemory request was completed. (0x12B)
[1022/231311.316:WARNING:pe_image_reader.cc(340)] could not read dos header from C:\WINDOWS\System32\OLEAUT32.dll
[1022/231311.316:ERROR:process_memory_win.cc(73)] ReadMemory at 0x7ff869cc0000 of 64 bytes failed: Only part of a ReadProcessMemory or WriteProcessMemory request was completed. (0x12B)
[1022/231311.316:WARNING:pe_image_reader.cc(340)] could not read dos header from C:\WINDOWS\System32\msvcp_win.dll
[1022/231311.316:ERROR:process_memory_win.cc(73)] ReadMemory at 0x7ff86a580000 of 64 bytes failed: Only part of a ReadProcessMemory or WriteProcessMemory request was completed. (0x12B)
[1022/231311.316:WARNING:pe_image_reader.cc(340)] could not read dos header from C:\WINDOWS\System32\combase.dll
[1022/231311.316:ERROR:process_memory_win.cc(73)] ReadMemory at 0x7ff86ae30000 of 64 bytes failed: Only part of a ReadProcessMemory or WriteProcessMemory request was completed. (0x12B)
[1022/231311.316:WARNING:pe_image_reader.cc(340)] could not read dos header from C:\WINDOWS\System32\WS2_32.dll
[1022/231311.316:ERROR:process_memory_win.cc(73)] ReadMemory at 0x7ff86b050000 of 64 bytes failed: Only part of a ReadProcessMemory or WriteProcessMemory request was completed. (0x12B)
[1022/231311.316:WARNING:pe_image_reader.cc(340)] could not read dos header from C:\WINDOWS\System32\GDI32.dll
[1022/231311.316:ERROR:process_memory_win.cc(73)] ReadMemory at 0x7ff869de0000 of 64 bytes failed: Only part of a ReadProcessMemory or WriteProcessMemory request was completed. (0x12B)
[1022/231311.316:WARNING:pe_image_reader.cc(340)] could not read dos header from C:\WINDOWS\System32\win32u.dll
[1022/231311.316:ERROR:process_memory_win.cc(73)] ReadMemory at 0x7ff86a050000 of 64 bytes failed: Only part of a ReadProcessMemory or WriteProcessMemory request was completed. (0x12B)
[1022/231311.316:WARNING:pe_image_reader.cc(340)] could not read dos header from C:\WINDOWS\System32\gdi32full.dll
[1022/231311.316:ERROR:process_memory_win.cc(73)] ReadMemory at 0x7ff86a8c0000 of 64 bytes failed: Only part of a ReadProcessMemory or WriteProcessMemory request was completed. (0x12B)
[1022/231311.317:WARNING:pe_image_reader.cc(340)] could not read dos header from C:\WINDOWS\System32\USER32.dll
[1022/231311.317:ERROR:process_memory_win.cc(73)] ReadMemory at 0x7ff869e10000 of 64 bytes failed: Only part of a ReadProcessMemory or WriteProcessMemory request was completed. (0x12B)
[1022/231311.317:WARNING:pe_image_reader.cc(340)] could not read dos header from C:\WINDOWS\System32\WINTRUST.dll
[1022/231311.317:ERROR:process_memory_win.cc(73)] ReadMemory at 0x7ff869020000 of 64 bytes failed: Only part of a ReadProcessMemory or WriteProcessMemory request was completed. (0x12B)
[1022/231311.317:WARNING:pe_image_reader.cc(340)] could not read dos header from C:\WINDOWS\System32\MSASN1.dll
[1022/231311.317:ERROR:process_memory_win.cc(73)] ReadMemory at 0x7ff869850000 of 64 bytes failed: Only part of a ReadProcessMemory or WriteProcessMemory request was completed. (0x12B)
[1022/231311.317:WARNING:pe_image_reader.cc(340)] could not read dos header from C:\WINDOWS\System32\CRYPT32.dll
[1022/231311.477:ERROR:process_memory_win.cc(73)] ReadMemory at 0x7ff868590000 of 64 bytes failed: Only part of a ReadProcessMemory or WriteProcessMemory request was completed. (0x12B)
[1022/231311.478:WARNING:pe_image_reader.cc(340)] could not read dos header from C:\WINDOWS\SYSTEM32\IPHLPAPI.DLL
[1022/231311.478:ERROR:process_memory_win.cc(73)] ReadMemory at 0x7ff868f30000 of 64 bytes failed: Only part of a ReadProcessMemory or WriteProcessMemory request was completed. (0x12B)
[1022/231311.478:WARNING:pe_image_reader.cc(340)] could not read dos header from C:\WINDOWS\SYSTEM32\USERENV.dll
[1022/231311.478:ERROR:process_memory_win.cc(73)] ReadMemory at 0x7ff869040000 of 64 bytes failed: Only part of a ReadProcessMemory or WriteProcessMemory request was completed. (0x12B)
[1022/231311.478:WARNING:pe_image_reader.cc(340)] could not read dos header from C:\WINDOWS\System32\profapi.dll
[1022/231311.478:ERROR:process_memory_win.cc(73)] ReadMemory at 0x7ff859e10000 of 64 bytes failed: Only part of a ReadProcessMemory or WriteProcessMemory request was completed. (0x12B)
[1022/231311.478:WARNING:pe_image_reader.cc(340)] could not read dos header from C:\WINDOWS\SYSTEM32\DWrite.dll
[1022/231311.478:ERROR:process_memory_win.cc(73)] ReadMemory at 0x7ff859a30000 of 64 bytes failed: Only part of a ReadProcessMemory or WriteProcessMemory request was completed. (0x12B)
[1022/231311.478:WARNING:pe_image_reader.cc(340)] could not read dos header from C:\WINDOWS\SYSTEM32\WINSPOOL.DRV
[1022/231311.478:ERROR:process_memory_win.cc(73)] ReadMemory at 0x7ff8690b0000 of 64 bytes failed: Only part of a ReadProcessMemory or WriteProcessMemory request was completed. (0x12B)
[1022/231311.478:WARNING:pe_image_reader.cc(340)] could not read dos header from C:\WINDOWS\System32\kernel.appcore.dll
[1022/231311.478:ERROR:process_memory_win.cc(73)] ReadMemory at 0x7ff869e70000 of 64 bytes failed: Only part of a ReadProcessMemory or WriteProcessMemory request was completed. (0x12B)
[1022/231311.478:WARNING:pe_image_reader.cc(340)] could not read dos header from C:\WINDOWS\System32\bcrypt.dll
[1022/231311.478:ERROR:process_memory_win.cc(73)] ReadMemory at 0x7ff862270000 of 64 bytes failed: Only part of a ReadProcessMemory or WriteProcessMemory request was completed. (0x12B)
[1022/231311.478:WARNING:pe_image_reader.cc(340)] could not read dos header from C:\WINDOWS\SYSTEM32\dbghelp.dll
[1022/231311.479:ERROR:process_memory_win.cc(73)] ReadMemory at 0x7ff860390000 of 64 bytes failed: Only part of a ReadProcessMemory or WriteProcessMemory request was completed. (0x12B)
[1022/231311.479:WARNING:pe_image_reader.cc(340)] could not read dos header from C:\WINDOWS\SYSTEM32\WINHTTP.dll
[1022/231311.479:ERROR:process_memory_win.cc(73)] ReadMemory at 0x7ff8600f0000 of 64 bytes failed: Only part of a ReadProcessMemory or WriteProcessMemory request was completed. (0x12B)
[1022/231311.479:WARNING:pe_image_reader.cc(340)] could not read dos header from C:\WINDOWS\SYSTEM32\Secur32.dll
[1022/231311.479:ERROR:process_memory_win.cc(73)] ReadMemory at 0x7ff85f8b0000 of 64 bytes failed: Only part of a ReadProcessMemory or WriteProcessMemory request was completed. (0x12B)
[1022/231311.479:WARNING:pe_image_reader.cc(340)] could not read dos header from C:\WINDOWS\SYSTEM32\dhcpcsvc.DLL
[1022/231311.479:ERROR:process_memory_win.cc(73)] ReadMemory at 0x15fd3230000 of 64 bytes failed: Only part of a ReadProcessMemory or WriteProcessMemory request was completed. (0x12B)
[1022/231311.479:WARNING:pe_image_reader.cc(340)] could not read dos header from C:\WINDOWS\System32\NSI.dll
[1022/231311.479:ERROR:process_memory_win.cc(73)] ReadMemory at 0x7ff866650000 of 64 bytes failed: Only part of a ReadProcessMemory or WriteProcessMemory request was completed. (0x12B)
[1022/231311.479:WARNING:pe_image_reader.cc(340)] could not read dos header from C:\WINDOWS\SYSTEM32\PROPSYS.dll
[1022/231311.479:ERROR:process_memory_win.cc(73)] ReadMemory at 0x15fd3480000 of 64 bytes failed: Only part of a ReadProcessMemory or WriteProcessMemory request was completed. (0x12B)
[1022/231311.479:WARNING:pe_image_reader.cc(340)] could not read dos header from C:\WINDOWS\System32\shcore.dll
[1022/231311.479:ERROR:process_memory_win.cc(73)] ReadMemory at 0x7ff868f00000 of 64 bytes failed: Only part of a ReadProcessMemory or WriteProcessMemory request was completed. (0x12B)
[1022/231311.479:WARNING:pe_image_reader.cc(340)] could not read dos header from C:\WINDOWS\SYSTEM32\SSPICLI.DLL
[1022/231311.480:ERROR:process_memory_win.cc(73)] ReadMemory at 0x7ff86afb0000 of 64 bytes failed: Only part of a ReadProcessMemory or WriteProcessMemory request was completed. (0x12B)
[1022/231311.480:WARNING:pe_image_reader.cc(340)] could not read dos header from C:\WINDOWS\System32\IMM32.DLL
[1022/231311.480:ERROR:process_memory_win.cc(73)] ReadMemory at 0x7ff868a50000 of 64 bytes failed: Only part of a ReadProcessMemory or WriteProcessMemory request was completed. (0x12B)
[1022/231311.480:WARNING:pe_image_reader.cc(340)] could not read dos header from C:\WINDOWS\SYSTEM32\CRYPTBASE.DLL
[1022/231311.480:ERROR:process_memory_win.cc(73)] ReadMemory at 0x7ff69a330000 of 64 bytes failed: Only part of a ReadProcessMemory or WriteProcessMemory request was completed. (0x12B)
[1022/231311.480:WARNING:pe_image_reader.cc(340)] could not read dos header from C:\Program Files (x86)\Google\Chrome\Application\chrome.exe
[1022/231311.480:ERROR:process_memory_win.cc(73)] ReadMemory at 0x7ff86c140000 of 64 bytes failed: Only part of a ReadProcessMemory or WriteProcessMemory request was completed. (0x12B)
[1022/231311.480:WARNING:pe_image_reader.cc(340)] could not read dos header from C:\WINDOWS\SYSTEM32\ntdll.dll
[1022/231311.480:ERROR:process_memory_win.cc(73)] ReadMemory at 0x7ff86b820000 of 64 bytes failed: Only part of a ReadProcessMemory or WriteProcessMemory request was completed. (0x12B)
[1022/231311.480:WARNING:pe_image_reader.cc(340)] could not read dos header from C:\WINDOWS\System32\KERNEL32.DLL
[1022/231311.480:ERROR:process_memory_win.cc(73)] ReadMemory at 0x7ff869a10000 of 64 bytes failed: Only part of a ReadProcessMemory or WriteProcessMemory request was completed. (0x12B)
[1022/231311.480:WARNING:pe_image_reader.cc(340)] could not read dos header from C:\WINDOWS\System32\KERNELBASE.dll
[1022/231311.481:ERROR:process_memory_win.cc(73)] ReadMemory at 0x7ff8306e0000 of 64 bytes failed: Only part of a ReadProcessMemory or WriteProcessMemory request was completed. (0x12B)
[1022/231311.481:WARNING:pe_image_reader.cc(340)] could not read dos header from C:\Program Files (x86)\Google\Chrome\Application\77.0.3865.120\chrome_elf.dll
[1022/231311.481:ERROR:process_memory_win.cc(73)] ReadMemory at 0x7ff862830000 of 64 bytes failed: Only part of a ReadProcessMemory or WriteProcessMemory request was completed. (0x12B)
[1022/231311.481:WARNING:pe_image_reader.cc(340)] could not read dos header from C:\WINDOWS\SYSTEM32\VERSION.dll
[1022/231311.481:ERROR:process_memory_win.cc(73)] ReadMemory at 0x7ff86bbf0000 of 64 bytes failed: Only part of a ReadProcessMemory or WriteProcessMemory request was completed. (0x12B)
[1022/231311.481:WARNING:pe_image_reader.cc(340)] could not read dos header from C:\WINDOWS\System32\msvcrt.dll
[1022/231311.481:ERROR:process_memory_win.cc(73)] ReadMemory at 0x7ff869d60000 of 64 bytes failed: Only part of a ReadProcessMemory or WriteProcessMemory request was completed. (0x12B)
[1022/231311.481:WARNING:pe_image_reader.cc(340)] could not read dos header from C:\WINDOWS\System32\bcryptPrimitives.dll
[1022/231311.481:ERROR:process_memory_win.cc(73)] ReadMemory at 0x7ff8670c0000 of 64 bytes failed: Only part of a ReadProcessMemory or WriteProcessMemory request was completed. (0x12B)
[1022/231311.481:WARNING:pe_image_reader.cc(340)] could not read dos header from C:\WINDOWS\SYSTEM32\WINMM.dll
[1022/231311.481:ERROR:process_memory_win.cc(73)] ReadMemory at 0x7ff867090000 of 64 bytes failed: Only part of a ReadProcessMemory or WriteProcessMemory request was completed. (0x12B)
[1022/231311.481:WARNING:pe_image_reader.cc(340)] could not read dos header from C:\WINDOWS\SYSTEM32\WINMMBASE.dll
[1022/231311.634:ERROR:process_memory_win.cc(73)] ReadMemory at 0x7ff8699a0000 of 64 bytes failed: Only part of a ReadProcessMemory or WriteProcessMemory request was completed. (0x12B)
[1022/231311.634:WARNING:pe_image_reader.cc(340)] could not read dos header from C:\WINDOWS\System32\cfgmgr32.dll
[1022/231311.634:ERROR:process_memory_win.cc(73)] ReadMemory at 0x7ff869ea0000 of 64 bytes failed: Only part of a ReadProcessMemory or WriteProcessMemory request was completed. (0x12B)
[1022/231311.634:WARNING:pe_image_reader.cc(340)] could not read dos header from C:\WINDOWS\System32\ucrtbase.dll
[1022/231311.634:ERROR:process_memory_win.cc(73)] ReadMemory at 0x7ff86aea0000 of 64 bytes failed: Only part of a ReadProcessMemory or WriteProcessMemory request was completed. (0x12B)
[1022/231311.634:WARNING:pe_image_reader.cc(340)] could not read dos header from C:\WINDOWS\System32\ADVAPI32.dll
[1022/231311.634:ERROR:process_memory_win.cc(73)] ReadMemory at 0x7ff86a2c0000 of 64 bytes failed: Only part of a ReadProcessMemory or WriteProcessMemory request was completed. (0x12B)
[1022/231311.634:WARNING:pe_image_reader.cc(340)] could not read dos header from C:\WINDOWS\System32\sechost.dll
[1022/231311.635:ERROR:process_memory_win.cc(73)] ReadMemory at 0x7ff86aaf0000 of 64 bytes failed: Only part of a ReadProcessMemory or WriteProcessMemory request was completed. (0x12B)
[1022/231311.635:WARNING:pe_image_reader.cc(340)] could not read dos header from C:\WINDOWS\System32\RPCRT4.dll
[1022/231311.635:ERROR:process_memory_win.cc(73)] ReadMemory at 0x7ff824f50000 of 64 bytes failed: Only part of a ReadProcessMemory or WriteProcessMemory request was completed. (0x12B)
[1022/231311.635:WARNING:pe_image_reader.cc(340)] could not read dos header from C:\Program Files (x86)\Google\Chrome\Application\77.0.3865.120\chrome_child.dll
[1022/231311.635:ERROR:process_memory_win.cc(73)] ReadMemory at 0x7ff86a1f0000 of 64 bytes failed: Only part of a ReadProcessMemory or WriteProcessMemory request was completed. (0x12B)
[1022/231311.635:WARNING:pe_image_reader.cc(340)] could not read dos header from C:\WINDOWS\System32\OLEAUT32.dll
[1022/231311.635:ERROR:process_memory_win.cc(73)] ReadMemory at 0x7ff869cc0000 of 64 bytes failed: Only part of a ReadProcessMemory or WriteProcessMemory request was completed. (0x12B)
[1022/231311.635:WARNING:pe_image_reader.cc(340)] could not read dos header from C:\WINDOWS\System32\msvcp_win.dll
[1022/231311.635:ERROR:process_memory_win.cc(73)] ReadMemory at 0x7ff86a580000 of 64 bytes failed: Only part of a ReadProcessMemory or WriteProcessMemory request was completed. (0x12B)
[1022/231311.635:WARNING:pe_image_reader.cc(340)] could not read dos header from C:\WINDOWS\System32\combase.dll
[1022/231311.635:ERROR:process_memory_win.cc(73)] ReadMemory at 0x7ff86ae30000 of 64 bytes failed: Only part of a ReadProcessMemory or WriteProcessMemory request was completed. (0x12B)
[1022/231311.635:WARNING:pe_image_reader.cc(340)] could not read dos header from C:\WINDOWS\System32\WS2_32.dll
[1022/231311.635:ERROR:process_memory_win.cc(73)] ReadMemory at 0x7ff86b050000 of 64 bytes failed: Only part of a ReadProcessMemory or WriteProcessMemory request was completed. (0x12B)
[1022/231311.635:WARNING:pe_image_reader.cc(340)] could not read dos header from C:\WINDOWS\System32\GDI32.dll
[1022/231311.635:ERROR:process_memory_win.cc(73)] ReadMemory at 0x7ff869de0000 of 64 bytes failed: Only part of a ReadProcessMemory or WriteProcessMemory request was completed. (0x12B)
[1022/231311.635:WARNING:pe_image_reader.cc(340)] could not read dos header from C:\WINDOWS\System32\win32u.dll
[1022/231311.636:ERROR:process_memory_win.cc(73)] ReadMemory at 0x7ff86a050000 of 64 bytes failed: Only part of a ReadProcessMemory or WriteProcessMemory request was completed. (0x12B)
[1022/231311.636:WARNING:pe_image_reader.cc(340)] could not read dos header from C:\WINDOWS\System32\gdi32full.dll
[1022/231311.636:ERROR:process_memory_win.cc(73)] ReadMemory at 0x7ff86a8c0000 of 64 bytes failed: Only part of a ReadProcessMemory or WriteProcessMemory request was completed. (0x12B)
[1022/231311.636:WARNING:pe_image_reader.cc(340)] could not read dos header from C:\WINDOWS\System32\USER32.dll
[1022/231311.636:ERROR:process_memory_win.cc(73)] ReadMemory at 0x7ff869e10000 of 64 bytes failed: Only part of a ReadProcessMemory or WriteProcessMemory request was completed. (0x12B)
[1022/231311.636:WARNING:pe_image_reader.cc(340)] could not read dos header from C:\WINDOWS\System32\WINTRUST.dll
[1022/231311.636:ERROR:process_memory_win.cc(73)] ReadMemory at 0x7ff869020000 of 64 bytes failed: Only part of a ReadProcessMemory or WriteProcessMemory request was completed. (0x12B)
[1022/231311.636:WARNING:pe_image_reader.cc(340)] could not read dos header from C:\WINDOWS\System32\MSASN1.dll
[1022/231311.636:ERROR:process_memory_win.cc(73)] ReadMemory at 0x7ff869850000 of 64 bytes failed: Only part of a ReadProcessMemory or WriteProcessMemory request was completed. (0x12B)
[1022/231311.636:WARNING:pe_image_reader.cc(340)] could not read dos header from C:\WINDOWS\System32\CRYPT32.dll
[1022/231311.636:ERROR:process_memory_win.cc(73)] ReadMemory at 0x7ff868590000 of 64 bytes failed: Only part of a ReadProcessMemory or WriteProcessMemory request was completed. (0x12B)
[1022/231311.636:WARNING:pe_image_reader.cc(340)] could not read dos header from C:\WINDOWS\SYSTEM32\IPHLPAPI.DLL
[1022/231311.636:ERROR:process_memory_win.cc(73)] ReadMemory at 0x7ff868f30000 of 64 bytes failed: Only part of a ReadProcessMemory or WriteProcessMemory request was completed. (0x12B)
[1022/231311.636:WARNING:pe_image_reader.cc(340)] could not read dos header from C:\WINDOWS\SYSTEM32\USERENV.dll
[1022/231311.636:ERROR:process_memory_win.cc(73)] ReadMemory at 0x7ff869040000 of 64 bytes failed: Only part of a ReadProcessMemory or WriteProcessMemory request was completed. (0x12B)
[1022/231311.637:WARNING:pe_image_reader.cc(340)] could not read dos header from C:\WINDOWS\System32\profapi.dll
[1022/231311.637:ERROR:process_memory_win.cc(73)] ReadMemory at 0x7ff859e10000 of 64 bytes failed: Only part of a ReadProcessMemory or WriteProcessMemory request was completed. (0x12B)
[1022/231311.637:WARNING:pe_image_reader.cc(340)] could not read dos header from C:\WINDOWS\SYSTEM32\DWrite.dll
[1022/231311.637:ERROR:process_memory_win.cc(73)] ReadMemory at 0x7ff859a30000 of 64 bytes failed: Only part of a ReadProcessMemory or WriteProcessMemory request was completed. (0x12B)
[1022/231311.637:WARNING:pe_image_reader.cc(340)] could not read dos header from C:\WINDOWS\SYSTEM32\WINSPOOL.DRV
[1022/231311.637:ERROR:process_memory_win.cc(73)] ReadMemory at 0x7ff8690b0000 of 64 bytes failed: Only part of a ReadProcessMemory or WriteProcessMemory request was completed. (0x12B)
[1022/231311.637:WARNING:pe_image_reader.cc(340)] could not read dos header from C:\WINDOWS\System32\kernel.appcore.dll
[1022/231311.637:ERROR:process_memory_win.cc(73)] ReadMemory at 0x7ff869e70000 of 64 bytes failed: Only part of a ReadProcessMemory or WriteProcessMemory request was completed. (0x12B)
[1022/231311.637:WARNING:pe_image_reader.cc(340)] could not read dos header from C:\WINDOWS\System32\bcrypt.dll
[1022/231311.637:ERROR:process_memory_win.cc(73)] ReadMemory at 0x7ff862270000 of 64 bytes failed: Only part of a ReadProcessMemory or WriteProcessMemory request was completed. (0x12B)
[1022/231311.637:WARNING:pe_image_reader.cc(340)] could not read dos header from C:\WINDOWS\SYSTEM32\dbghelp.dll
[1022/231311.637:ERROR:process_memory_win.cc(73)] ReadMemory at 0x7ff860390000 of 64 bytes failed: Only part of a ReadProcessMemory or WriteProcessMemory request was completed. (0x12B)
[1022/231311.637:WARNING:pe_image_reader.cc(340)] could not read dos header from C:\WINDOWS\SYSTEM32\WINHTTP.dll
[1022/231311.637:ERROR:process_memory_win.cc(73)] ReadMemory at 0x7ff8600f0000 of 64 bytes failed: Only part of a ReadProcessMemory or WriteProcessMemory request was completed. (0x12B)
[1022/231311.637:WARNING:pe_image_reader.cc(340)] could not read dos header from C:\WINDOWS\SYSTEM32\Secur32.dll
[1022/231311.637:ERROR:process_memory_win.cc(73)] ReadMemory at 0x7ff85f8b0000 of 64 bytes failed: Only part of a ReadProcessMemory or WriteProcessMemory request was completed. (0x12B)
[1022/231311.638:WARNING:pe_image_reader.cc(340)] could not read dos header from C:\WINDOWS\SYSTEM32\dhcpcsvc.DLL
[1022/231311.638:ERROR:process_memory_win.cc(73)] ReadMemory at 0x15fd3230000 of 64 bytes failed: Only part of a ReadProcessMemory or WriteProcessMemory request was completed. (0x12B)
[1022/231311.638:WARNING:pe_image_reader.cc(340)] could not read dos header from C:\WINDOWS\System32\NSI.dll
[1022/231311.638:ERROR:process_memory_win.cc(73)] ReadMemory at 0x7ff866650000 of 64 bytes failed: Only part of a ReadProcessMemory or WriteProcessMemory request was completed. (0x12B)
[1022/231311.638:WARNING:pe_image_reader.cc(340)] could not read dos header from C:\WINDOWS\SYSTEM32\PROPSYS.dll
[1022/231311.638:ERROR:process_memory_win.cc(73)] ReadMemory at 0x15fd3480000 of 64 bytes failed: Only part of a ReadProcessMemory or WriteProcessMemory request was completed. (0x12B)
[1022/231311.638:WARNING:pe_image_reader.cc(340)] could not read dos header from C:\WINDOWS\System32\shcore.dll
[1022/231311.638:ERROR:process_memory_win.cc(73)] ReadMemory at 0x7ff868f00000 of 64 bytes failed: Only part of a ReadProcessMemory or WriteProcessMemory request was completed. (0x12B)
[1022/231311.638:WARNING:pe_image_reader.cc(340)] could not read dos header from C:\WINDOWS\SYSTEM32\SSPICLI.DLL
[1022/231311.638:ERROR:process_memory_win.cc(73)] ReadMemory at 0x7ff86afb0000 of 64 bytes failed: Only part of a ReadProcessMemory or WriteProcessMemory request was completed. (0x12B)
[1022/231311.638:WARNING:pe_image_reader.cc(340)] could not read dos header from C:\WINDOWS\System32\IMM32.DLL
[1022/231311.638:ERROR:process_memory_win.cc(73)] ReadMemory at 0x7ff868a50000 of 64 bytes failed: Only part of a ReadProcessMemory or WriteProcessMemory request was completed. (0x12B)
[1022/231311.638:WARNING:pe_image_reader.cc(340)] could not read dos header from C:\WINDOWS\SYSTEM32\CRYPTBASE.DLL
[1022/231312.024:ERROR:process_memory_win.cc(73)] ReadMemory at 0x587f9ec000 of 81920 bytes failed: Only part of a ReadProcessMemory or WriteProcessMemory request was completed. (0x12B)
[1022/231312.025:ERROR:process_memory_win.cc(73)] ReadMemory at 0x5800ffd000 of 12288 bytes failed: Only part of a ReadProcessMemory or WriteProcessMemory request was completed. (0x12B)
[1022/231312.025:ERROR:process_memory_win.cc(73)] ReadMemory at 0x5801ffc000 of 16384 bytes failed: Only part of a ReadProcessMemory or WriteProcessMemory request was completed. (0x12B)
[1022/231312.025:ERROR:process_memory_win.cc(73)] ReadMemory at 0x58027fc000 of 16384 bytes failed: Only part of a ReadProcessMemory or WriteProcessMemory request was completed. (0x12B)
[1022/231312.026:ERROR:process_memory_win.cc(73)] ReadMemory at 0x5802ffe000 of 8192 bytes failed: Only part of a ReadProcessMemory or WriteProcessMemory request was completed. (0x12B)
[1022/231312.026:ERROR:process_memory_win.cc(73)] ReadMemory at 0x58037fc000 of 16384 bytes failed: Only part of a ReadProcessMemory or WriteProcessMemory request was completed. (0x12B)
[1022/231312.026:ERROR:process_memory_win.cc(73)] ReadMemory at 0x5803ffb000 of 20480 bytes failed: Only part of a ReadProcessMemory or WriteProcessMemory request was completed. (0x12B)
[1022/231312.026:ERROR:process_memory_win.cc(73)] ReadMemory at 0x58047f8000 of 32768 bytes failed: Only part of a ReadProcessMemory or WriteProcessMemory request was completed. (0x12B)
[1022/231312.026:ERROR:process_memory_win.cc(73)] ReadMemory at 0x5804ffd000 of 12288 bytes failed: Only part of a ReadProcessMemory or WriteProcessMemory request was completed. (0x12B)
[1022/231312.027:ERROR:process_memory_win.cc(73)] ReadMemory at 0x58067fc000 of 16384 bytes failed: Only part of a ReadProcessMemory or WriteProcessMemory request was completed. (0x12B)
[1022/231312.027:ERROR:process_memory_win.cc(73)] ReadMemory at 0x58057fd000 of 12288 bytes failed: Only part of a ReadProcessMemory or WriteProcessMemory request was completed. (0x12B)
[1022/231312.027:ERROR:process_memory_win.cc(73)] ReadMemory at 0x58017f8000 of 32768 bytes failed: Only part of a ReadProcessMemory or WriteProcessMemory request was completed. (0x12B)
[1022/231312.027:ERROR:process_memory_win.cc(73)] ReadMemory at 0x58007fe000 of 8192 bytes failed: Only part of a ReadProcessMemory or WriteProcessMemory request was completed. (0x12B)
[1022/231312.028:ERROR:process_memory_win.cc(73)] ReadMemory at 0x587f11d000 of 852 bytes failed: Only part of a ReadProcessMemory or WriteProcessMemory request was completed. (0x12B)
[1022/231312.028:ERROR:process_memory_win.cc(73)] ReadMemory at 0x587f11e000 of 6024 bytes failed: Only part of a ReadProcessMemory or WriteProcessMemory request was completed. (0x12B)
[1022/231312.028:ERROR:process_memory_win.cc(73)] ReadMemory at 0x587f122000 of 6024 bytes failed: Only part of a ReadProcessMemory or WriteProcessMemory request was completed. (0x12B)
[1022/231312.028:ERROR:process_memory_win.cc(73)] ReadMemory at 0x587f126000 of 6024 bytes failed: Only part of a ReadProcessMemory or WriteProcessMemory request was completed. (0x12B)
[1022/231312.028:ERROR:process_memory_win.cc(73)] ReadMemory at 0x587f128000 of 6024 bytes failed: Only part of a ReadProcessMemory or WriteProcessMemory request was completed. (0x12B)
[1022/231312.028:ERROR:process_memory_win.cc(73)] ReadMemory at 0x587f12a000 of 6024 bytes failed: Only part of a ReadProcessMemory or WriteProcessMemory request was completed. (0x12B)
[1022/231312.028:ERROR:process_memory_win.cc(73)] ReadMemory at 0x587f12c000 of 6024 bytes failed: Only part of a ReadProcessMemory or WriteProcessMemory request was completed. (0x12B)
[1022/231312.029:ERROR:process_memory_win.cc(73)] ReadMemory at 0x587f12e000 of 6024 bytes failed: Only part of a ReadProcessMemory or WriteProcessMemory request was completed. (0x12B)
[1022/231312.029:ERROR:process_memory_win.cc(73)] ReadMemory at 0x587f130000 of 6024 bytes failed: Only part of a ReadProcessMemory or WriteProcessMemory request was completed. (0x12B)
[1022/231312.029:ERROR:process_memory_win.cc(73)] ReadMemory at 0x587f132000 of 6024 bytes failed: Only part of a ReadProcessMemory or WriteProcessMemory request was completed. (0x12B)
[1022/231312.029:ERROR:process_memory_win.cc(73)] ReadMemory at 0x587f13a000 of 6024 bytes failed: Only part of a ReadProcessMemory or WriteProcessMemory request was completed. (0x12B)
[1022/231312.029:ERROR:process_memory_win.cc(73)] ReadMemory at 0x587f13e000 of 6024 bytes failed: Only part of a ReadProcessMemory or WriteProcessMemory request was completed. (0x12B)
[1022/231312.029:ERROR:process_memory_win.cc(73)] ReadMemory at 0x587f1d8000 of 6024 bytes failed: Only part of a ReadProcessMemory or WriteProcessMemory request was completed. (0x12B)
[1022/231312.030:ERROR:process_memory_win.cc(73)] ReadMemory at 0x587f1da000 of 6024 bytes failed: Only part of a ReadProcessMemory or WriteProcessMemory request was completed. (0x12B)
[1022/231312.030:ERROR:process_memory_win.cc(73)] ReadMemory at 0x15fd3261de0 of 512 bytes failed: Only part of a ReadProcessMemory or WriteProcessMemory request was completed. (0x12B)
[1022/231312.030:ERROR:process_memory_win.cc(73)] ReadMemory at 0x15fd32b0fe0 of 5672 bytes failed: Only part of a ReadProcessMemory or WriteProcessMemory request was completed. (0x12B)
[1022/231312.030:ERROR:process_memory_win.cc(73)] ReadMemory at 0x15fd32b2610 of 1012 bytes failed: Only part of a ReadProcessMemory or WriteProcessMemory request was completed. (0x12B)
[1022/231312.030:ERROR:process_memory_win.cc(73)] ReadMemory at 0x15fd32b2c58 of 118 bytes failed: Only part of a ReadProcessMemory or WriteProcessMemory request was completed. (0x12B)
[1022/231312.030:ERROR:process_memory_win.cc(73)] ReadMemory at 0x15fd32b2cd0 of 992 bytes failed: Only part of a ReadProcessMemory or WriteProcessMemory request was completed. (0x12B)
[1022/231312.030:ERROR:process_memory_win.cc(73)] ReadMemory at 0x15fd32b30b2 of 118 bytes failed: Only part of a ReadProcessMemory or WriteProcessMemory request was completed. (0x12B)
[1022/231312.031:ERROR:process_memory_win.cc(73)] ReadMemory at 0x15fd32b312a of 96 bytes failed: Only part of a ReadProcessMemory or WriteProcessMemory request was completed. (0x12B)
[1022/231312.074:ERROR:process_memory_win.cc(73)] ReadMemory at 0x15fd32b31a0 of 58 bytes failed: Only part of a ReadProcessMemory or WriteProcessMemory request was completed. (0x12B)
[1022/231312.074:ERROR:process_memory_win.cc(73)] ReadMemory at 0x15fd32b32a0 of 132 bytes failed: Only part of a ReadProcessMemory or WriteProcessMemory request was completed. (0x12B)
[1022/231312.074:ERROR:process_memory_win.cc(73)] ReadMemory at 0x15fd32b3430 of 132 bytes failed: Only part of a ReadProcessMemory or WriteProcessMemory request was completed. (0x12B)
[1022/231312.074:ERROR:process_memory_win.cc(73)] ReadMemory at 0x15fd32b35f0 of 126 bytes failed: Only part of a ReadProcessMemory or WriteProcessMemory request was completed. (0x12B)
[1022/231312.075:ERROR:process_memory_win.cc(73)] ReadMemory at 0x15fd32b39d0 of 132 bytes failed: Only part of a ReadProcessMemory or WriteProcessMemory request was completed. (0x12B)
[1022/231312.075:ERROR:process_memory_win.cc(73)] ReadMemory at 0x15fd32b3b60 of 64 bytes failed: Only part of a ReadProcessMemory or WriteProcessMemory request was completed. (0x12B)
[1022/231312.075:ERROR:process_memory_win.cc(73)] ReadMemory at 0x15fd32b3d20 of 132 bytes failed: Only part of a ReadProcessMemory or WriteProcessMemory request was completed. (0x12B)
[1022/231312.075:ERROR:process_memory_win.cc(73)] ReadMemory at 0x15fd32b3fd0 of 132 bytes failed: Only part of a ReadProcessMemory or WriteProcessMemory request was completed. (0x12B)
[1022/231312.075:ERROR:process_memory_win.cc(73)] ReadMemory at 0x15fd32b4160 of 68 bytes failed: Only part of a ReadProcessMemory or WriteProcessMemory request was completed. (0x12B)
[1022/231312.075:ERROR:process_memory_win.cc(73)] ReadMemory at 0x15fd32b52a0 of 132 bytes failed: Only part of a ReadProcessMemory or WriteProcessMemory request was completed. (0x12B)
[1022/231312.075:ERROR:process_memory_win.cc(73)] ReadMemory at 0x15fd32b5430 of 154 bytes failed: Only part of a ReadProcessMemory or WriteProcessMemory request was completed. (0x12B)
[1022/231312.075:ERROR:process_memory_win.cc(73)] ReadMemory at 0x15fd32b6310 of 132 bytes failed: Only part of a ReadProcessMemory or WriteProcessMemory request was completed. (0x12B)
[1022/231312.076:ERROR:process_memory_win.cc(73)] ReadMemory at 0x15fd32b6ee0 of 60 bytes failed: Only part of a ReadProcessMemory or WriteProcessMemory request was completed. (0x12B)
[1022/231312.076:ERROR:process_memory_win.cc(73)] ReadMemory at 0x15fd32b6f30 of 62 bytes failed: Only part of a ReadProcessMemory or WriteProcessMemory request was completed. (0x12B)
[1022/231312.076:ERROR:process_memory_win.cc(73)] ReadMemory at 0x15fd32bb4d0 of 132 bytes failed: Only part of a ReadProcessMemory or WriteProcessMemory request was completed. (0x12B)
[1022/231312.076:ERROR:process_memory_win.cc(73)] ReadMemory at 0x15fd32bb600 of 132 bytes failed: Only part of a ReadProcessMemory or WriteProcessMemory request was completed. (0x12B)
[1022/231312.076:ERROR:process_memory_win.cc(73)] ReadMemory at 0x15fd32bf120 of 62 bytes failed: Only part of a ReadProcessMemory or WriteProcessMemory request was completed. (0x12B)
[1022/231312.076:ERROR:process_memory_win.cc(73)] ReadMemory at 0x15fd32bf170 of 58 bytes failed: Only part of a ReadProcessMemory or WriteProcessMemory request was completed. (0x12B)
[1022/231312.076:ERROR:process_memory_win.cc(73)] ReadMemory at 0x15fd32bf210 of 60 bytes failed: Only part of a ReadProcessMemory or WriteProcessMemory request was completed. (0x12B)
[1022/231312.076:ERROR:process_memory_win.cc(73)] ReadMemory at 0x15fd32bf440 of 66 bytes failed: Only part of a ReadProcessMemory or WriteProcessMemory request was completed. (0x12B)
[1022/231312.077:ERROR:process_memory_win.cc(73)] ReadMemory at 0x15fd32bf490 of 64 bytes failed: Only part of a ReadProcessMemory or WriteProcessMemory request was completed. (0x12B)
[1022/231312.077:ERROR:process_memory_win.cc(73)] ReadMemory at 0x15fd32bf580 of 64 bytes failed: Only part of a ReadProcessMemory or WriteProcessMemory request was completed. (0x12B)
[1022/231312.077:ERROR:process_memory_win.cc(73)] ReadMemory at 0x15fd32bf710 of 64 bytes failed: Only part of a ReadProcessMemory or WriteProcessMemory request was completed. (0x12B)
[1022/231312.077:ERROR:process_memory_win.cc(73)] ReadMemory at 0x15fd32bf840 of 132 bytes failed: Only part of a ReadProcessMemory or WriteProcessMemory request was completed. (0x12B)
[1022/231312.077:ERROR:process_memory_win.cc(73)] ReadMemory at 0x15fd32bfa70 of 132 bytes failed: Only part of a ReadProcessMemory or WriteProcessMemory request was completed. (0x12B)
[1022/231312.077:ERROR:process_memory_win.cc(73)] ReadMemory at 0x15fd32bfc90 of 132 bytes failed: Only part of a ReadProcessMemory or WriteProcessMemory request was completed. (0x12B)
[1022/231312.077:ERROR:process_memory_win.cc(73)] ReadMemory at 0x15fd32bfe50 of 132 bytes failed: Only part of a ReadProcessMemory or WriteProcessMemory request was completed. (0x12B)
[1022/231312.077:ERROR:process_memory_win.cc(73)] ReadMemory at 0x15fd32c04b0 of 80 bytes failed: Only part of a ReadProcessMemory or WriteProcessMemory request was completed. (0x12B)
[1022/231312.078:ERROR:process_memory_win.cc(73)] ReadMemory at 0x15fd32c1b10 of 132 bytes failed: Only part of a ReadProcessMemory or WriteProcessMemory request was completed. (0x12B)
[1022/231312.078:ERROR:process_memory_win.cc(73)] ReadMemory at 0x15fd32c51b0 of 132 bytes failed: Only part of a ReadProcessMemory or WriteProcessMemory request was completed. (0x12B)
[1022/231312.078:ERROR:process_memory_win.cc(73)] ReadMemory at 0x15fd32c5820 of 158 bytes failed: Only part of a ReadProcessMemory or WriteProcessMemory request was completed. (0x12B)
[1022/231312.078:ERROR:process_memory_win.cc(73)] ReadMemory at 0x15fd32c5900 of 132 bytes failed: Only part of a ReadProcessMemory or WriteProcessMemory request was completed. (0x12B)
[1022/231312.078:ERROR:process_memory_win.cc(73)] ReadMemory at 0x15fd32c98b0 of 54 bytes failed: Only part of a ReadProcessMemory or WriteProcessMemory request was completed. (0x12B)
[1022/231312.078:ERROR:process_memory_win.cc(73)] ReadMemory at 0x15fd32ca140 of 60 bytes failed: Only part of a ReadProcessMemory or WriteProcessMemory request was completed. (0x12B)
[1022/231312.078:ERROR:process_memory_win.cc(73)] ReadMemory at 0x15fd32ca280 of 62 bytes failed: Only part of a ReadProcessMemory or WriteProcessMemory request was completed. (0x12B)
[1022/231312.078:ERROR:process_memory_win.cc(73)] ReadMemory at 0x15fd32ca2d0 of 60 bytes failed: Only part of a ReadProcessMemory or WriteProcessMemory request was completed. (0x12B)
[1022/231312.079:ERROR:process_memory_win.cc(73)] ReadMemory at 0x15fd32ca370 of 62 bytes failed: Only part of a ReadProcessMemory or WriteProcessMemory request was completed. (0x12B)
[1022/231312.079:ERROR:process_memory_win.cc(73)] ReadMemory at 0x15fd32ca3c0 of 58 bytes failed: Only part of a ReadProcessMemory or WriteProcessMemory request was completed. (0x12B)
[1022/231312.079:ERROR:process_memory_win.cc(73)] ReadMemory at 0x15fd32ca4b0 of 60 bytes failed: Only part of a ReadProcessMemory or WriteProcessMemory request was completed. (0x12B)
[1022/231312.079:ERROR:process_memory_win.cc(73)] ReadMemory at 0x15fd32ca5f0 of 62 bytes failed: Only part of a ReadProcessMemory or WriteProcessMemory request was completed. (0x12B)
[1022/231312.079:ERROR:process_memory_win.cc(73)] ReadMemory at 0x15fd32ca690 of 66 bytes failed: Only part of a ReadProcessMemory or WriteProcessMemory request was completed. (0x12B)
[1022/231312.079:ERROR:process_memory_win.cc(73)] ReadMemory at 0x15fd32ca730 of 62 bytes failed: Only part of a ReadProcessMemory or WriteProcessMemory request was completed. (0x12B)
[1022/231312.079:ERROR:process_memory_win.cc(73)] ReadMemory at 0x15fd32ca780 of 62 bytes failed: Only part of a ReadProcessMemory or WriteProcessMemory request was completed. (0x12B)
[1022/231312.079:ERROR:process_memory_win.cc(73)] ReadMemory at 0x15fd32ca7d0 of 60 bytes failed: Only part of a ReadProcessMemory or WriteProcessMemory request was completed. (0x12B)
[1022/231312.080:ERROR:process_memory_win.cc(73)] ReadMemory at 0x15fd32ca820 of 62 bytes failed: Only part of a ReadProcessMemory or WriteProcessMemory request was completed. (0x12B)
[1022/231312.080:ERROR:process_memory_win.cc(73)] ReadMemory at 0x15fd32ca870 of 64 bytes failed: Only part of a ReadProcessMemory or WriteProcessMemory request was completed. (0x12B)
[1022/231312.080:ERROR:process_memory_win.cc(73)] ReadMemory at 0x15fd32ca8c0 of 64 bytes failed: Only part of a ReadProcessMemory or WriteProcessMemory request was completed. (0x12B)
[1022/231312.080:ERROR:process_memory_win.cc(73)] ReadMemory at 0x15fd32ca960 of 64 bytes failed: Only part of a ReadProcessMemory or WriteProcessMemory request was completed. (0x12B)
[1022/231312.080:ERROR:process_memory_win.cc(73)] ReadMemory at 0x15fd32caa00 of 60 bytes failed: Only part of a ReadProcessMemory or WriteProcessMemory request was completed. (0x12B)
[1022/231312.080:ERROR:process_memory_win.cc(73)] ReadMemory at 0x15fd32caa50 of 62 bytes failed: Only part of a ReadProcessMemory or WriteProcessMemory request was completed. (0x12B)
[1022/231312.080:ERROR:process_memory_win.cc(73)] ReadMemory at 0x15fd32cab40 of 58 bytes failed: Only part of a ReadProcessMemory or WriteProcessMemory request was completed. (0x12B)
[1022/231312.080:ERROR:process_memory_win.cc(73)] ReadMemory at 0x15fd32cab90 of 64 bytes failed: Only part of a ReadProcessMemory or WriteProcessMemory request was completed. (0x12B)
[1022/231312.080:ERROR:process_memory_win.cc(73)] ReadMemory at 0x15fd32cac30 of 62 bytes failed: Only part of a ReadProcessMemory or WriteProcessMemory request was completed. (0x12B)
[1022/231312.081:ERROR:process_memory_win.cc(73)] ReadMemory at 0x15fd32cadc0 of 60 bytes failed: Only part of a ReadProcessMemory or WriteProcessMemory request was completed. (0x12B)
[1022/231312.081:ERROR:process_memory_win.cc(73)] ReadMemory at 0x15fd32caf00 of 60 bytes failed: Only part of a ReadProcessMemory or WriteProcessMemory request was completed. (0x12B)
[1022/231312.081:ERROR:process_memory_win.cc(73)] ReadMemory at 0x15fd32caf50 of 64 bytes failed: Only part of a ReadProcessMemory or WriteProcessMemory request was completed. (0x12B)
[1022/231312.081:ERROR:process_memory_win.cc(73)] ReadMemory at 0x15fd32cafa0 of 62 bytes failed: Only part of a ReadProcessMemory or WriteProcessMemory request was completed. (0x12B)
[1022/231312.081:ERROR:process_memory_win.cc(73)] ReadMemory at 0x15fd32cb040 of 66 bytes failed: Only part of a ReadProcessMemory or WriteProcessMemory request was completed. (0x12B)
[1022/231312.081:ERROR:process_memory_win.cc(73)] ReadMemory at 0x15fd32cb150 of 132 bytes failed: Only part of a ReadProcessMemory or WriteProcessMemory request was completed. (0x12B)
[1022/231312.081:ERROR:process_memory_win.cc(73)] ReadMemory at 0x15fd32cb280 of 132 bytes failed: Only part of a ReadProcessMemory or WriteProcessMemory request was completed. (0x12B)
[1022/231312.081:ERROR:process_memory_win.cc(73)] ReadMemory at 0x15fd32cb3b0 of 132 bytes failed: Only part of a ReadProcessMemory or WriteProcessMemory request was completed. (0x12B)
[1022/231312.081:ERROR:process_memory_win.cc(73)] ReadMemory at 0x15fd32cb4e0 of 132 bytes failed: Only part of a ReadProcessMemory or WriteProcessMemory request was completed. (0x12B)
[1022/231312.082:ERROR:process_memory_win.cc(73)] ReadMemory at 0x15fd32cb610 of 132 bytes failed: Only part of a ReadProcessMemory or WriteProcessMemory request was completed. (0x12B)
[1022/231312.082:ERROR:process_memory_win.cc(73)] ReadMemory at 0x15fd32cb740 of 132 bytes failed: Only part of a ReadProcessMemory or WriteProcessMemory request was completed. (0x12B)
[1022/231312.082:ERROR:process_memory_win.cc(73)] ReadMemory at 0x15fd32cb870 of 132 bytes failed: Only part of a ReadProcessMemory or WriteProcessMemory request was completed. (0x12B)
[1022/231312.082:ERROR:process_memory_win.cc(73)] ReadMemory at 0x15fd32cb9a0 of 132 bytes failed: Only part of a ReadProcessMemory or WriteProcessMemory request was completed. (0x12B)
[1022/231312.082:ERROR:process_memory_win.cc(73)] ReadMemory at 0x15fd32cbad0 of 132 bytes failed: Only part of a ReadProcessMemory or WriteProcessMemory request was completed. (0x12B)
[1022/231312.082:ERROR:process_memory_win.cc(73)] ReadMemory at 0x15fd32cbc00 of 132 bytes failed: Only part of a ReadProcessMemory or WriteProcessMemory request was completed. (0x12B)
[1022/231312.082:ERROR:process_memory_win.cc(73)] ReadMemory at 0x15fd32cbe60 of 132 bytes failed: Only part of a ReadProcessMemory or WriteProcessMemory request was completed. (0x12B)
[1022/231312.082:ERROR:process_memory_win.cc(73)] ReadMemory at 0x15fd32cbf90 of 132 bytes failed: Only part of a ReadProcessMemory or WriteProcessMemory request was completed. (0x12B)
[1022/231312.083:ERROR:process_memory_win.cc(73)] ReadMemory at 0x15fd32ccb20 of 76 bytes failed: Only part of a ReadProcessMemory or WriteProcessMemory request was completed. (0x12B)
[1022/231312.083:ERROR:process_memory_win.cc(73)] ReadMemory at 0x15fd32cd0a0 of 512 bytes failed: Only part of a ReadProcessMemory or WriteProcessMemory request was completed. (0x12B)
[1022/231312.083:ERROR:process_memory_win.cc(73)] ReadMemory at 0x15fd32ce680 of 132 bytes failed: Only part of a ReadProcessMemory or WriteProcessMemory request was completed. (0x12B)
[1022/231312.083:ERROR:process_memory_win.cc(73)] ReadMemory at 0x15fd32ceb40 of 132 bytes failed: Only part of a ReadProcessMemory or WriteProcessMemory request was completed. (0x12B)
[1022/231312.083:ERROR:process_memory_win.cc(73)] ReadMemory at 0x15fd32cec70 of 132 bytes failed: Only part of a ReadProcessMemory or WriteProcessMemory request was completed. (0x12B)
[1022/231312.083:ERROR:process_memory_win.cc(73)] ReadMemory at 0x15fd32ceda0 of 132 bytes failed: Only part of a ReadProcessMemory or WriteProcessMemory request was completed. (0x12B)
[1022/231312.083:ERROR:process_memory_win.cc(73)] ReadMemory at 0x15fd32ceed0 of 132 bytes failed: Only part of a ReadProcessMemory or WriteProcessMemory request was completed. (0x12B)
[1022/231312.083:ERROR:process_memory_win.cc(73)] ReadMemory at 0x15fd32cf000 of 132 bytes failed: Only part of a ReadProcessMemory or WriteProcessMemory request was completed. (0x12B)
[1022/231312.084:ERROR:process_memory_win.cc(73)] ReadMemory at 0x15fd32cf130 of 132 bytes failed: Only part of a ReadProcessMemory or WriteProcessMemory request was completed. (0x12B)
[1022/231312.084:ERROR:process_memory_win.cc(73)] ReadMemory at 0x15fd32cf260 of 132 bytes failed: Only part of a ReadProcessMemory or WriteProcessMemory request was completed. (0x12B)
[1022/231312.084:ERROR:process_memory_win.cc(73)] ReadMemory at 0x15fd32cf720 of 132 bytes failed: Only part of a ReadProcessMemory or WriteProcessMemory request was completed. (0x12B)
[1022/231312.084:ERROR:process_memory_win.cc(73)] ReadMemory at 0x15fd32cf980 of 132 bytes failed: Only part of a ReadProcessMemory or WriteProcessMemory request was completed. (0x12B)
[1022/231312.084:ERROR:process_memory_win.cc(73)] ReadMemory at 0x15fd32cfab0 of 132 bytes failed: Only part of a ReadProcessMemory or WriteProcessMemory request was completed. (0x12B)
[1022/231312.084:ERROR:process_memory_win.cc(73)] ReadMemory at 0x15fd32cfd10 of 132 bytes failed: Only part of a ReadProcessMemory or WriteProcessMemory request was completed. (0x12B)
[1022/231312.084:ERROR:process_memory_win.cc(73)] ReadMemory at 0x15fd32cfe40 of 132 bytes failed: Only part of a ReadProcessMemory or WriteProcessMemory request was completed. (0x12B)
[1022/231312.084:ERROR:process_memory_win.cc(73)] ReadMemory at 0x15fd32cff70 of 132 bytes failed: Only part of a ReadProcessMemory or WriteProcessMemory request was completed. (0x12B)
[1022/231312.085:ERROR:process_memory_win.cc(73)] ReadMemory at 0x15fd32d00a0 of 132 bytes failed: Only part of a ReadProcessMemory or WriteProcessMemory request was completed. (0x12B)
[1022/231312.085:ERROR:process_memory_win.cc(73)] ReadMemory at 0x15fd32e5a50 of 512 bytes failed: Only part of a ReadProcessMemory or WriteProcessMemory request was completed. (0x12B)
[1022/231312.085:ERROR:process_memory_win.cc(73)] ReadMemory at 0x15fd38f8cf0 of 512 bytes failed: Only part of a ReadProcessMemory or WriteProcessMemory request was completed. (0x12B)
[1022/231312.085:ERROR:process_memory_win.cc(73)] ReadMemory at 0x15fd3916260 of 712 bytes failed: Only part of a ReadProcessMemory or WriteProcessMemory request was completed. (0x12B)
[1022/231312.085:ERROR:process_memory_win.cc(73)] ReadMemory at 0x15fd39cb580 of 512 bytes failed: Only part of a ReadProcessMemory or WriteProcessMemory request was completed. (0x12B)
[1022/231312.085:ERROR:process_memory_win.cc(73)] ReadMemory at 0x15fd561af18 of 512 bytes failed: Only part of a ReadProcessMemory or WriteProcessMemory request was completed. (0x12B)
[1022/231312.085:ERROR:process_memory_win.cc(73)] ReadMemory at 0x15fd562c748 of 512 bytes failed: Only part of a ReadProcessMemory or WriteProcessMemory request was completed. (0x12B)
[1022/231312.085:ERROR:process_memory_win.cc(73)] ReadMemory at 0x15fd5651718 of 512 bytes failed: Only part of a ReadProcessMemory or WriteProcessMemory request was completed. (0x12B)
[1022/231312.086:ERROR:process_memory_win.cc(73)] ReadMemory at 0x15fd5684540 of 512 bytes failed: Only part of a ReadProcessMemory or WriteProcessMemory request was completed. (0x12B)
[1022/231312.086:ERROR:process_memory_win.cc(73)] ReadMemory at 0x15fd578c250 of 512 bytes failed: Only part of a ReadProcessMemory or WriteProcessMemory request was completed. (0x12B)
[1022/231312.086:ERROR:process_memory_win.cc(73)] ReadMemory at 0x15fd767de90 of 512 bytes failed: Only part of a ReadProcessMemory or WriteProcessMemory request was completed. (0x12B)
[1022/231312.086:ERROR:process_memory_win.cc(73)] ReadMemory at 0x15fd8d47f83 of 512 bytes failed: Only part of a ReadProcessMemory or WriteProcessMemory request was completed. (0x12B)
[1022/231312.086:ERROR:process_memory_win.cc(73)] ReadMemory at 0x15fd9d4ddd0 of 512 bytes failed: Only part of a ReadProcessMemory or WriteProcessMemory request was completed. (0x12B)
[1022/231312.086:ERROR:process_memory_win.cc(73)] ReadMemory at 0x7ff826986b5c of 512 bytes failed: Only part of a ReadProcessMemory or WriteProcessMemory request was completed. (0x12B)
[1022/231312.087:ERROR:process_memory_win.cc(73)] ReadMemory at 0x7ff8307057e6 of 512 bytes failed: Only part of a ReadProcessMemory or WriteProcessMemory request was completed. (0x12B)
[1022/231312.087:ERROR:process_memory_win.cc(73)] ReadMemory at 0x7ff83070603d of 512 bytes failed: Only part of a ReadProcessMemory or WriteProcessMemory request was completed. (0x12B)
[1022/231312.087:ERROR:process_memory_win.cc(73)] ReadMemory at 0x7ff86b841f80 of 512 bytes failed: Only part of a ReadProcessMemory or WriteProcessMemory request was completed. (0x12B)
[1022/231312.087:ERROR:process_memory_win.cc(73)] ReadMemory at 0x7ff86c1dc0c4 of 672 bytes failed: Only part of a ReadProcessMemory or WriteProcessMemory request was completed. (0x12B)
[1022/231312.087:ERROR:process_memory_win.cc(73)] ReadMemory at 0x7ff86c1df974 of 608 bytes failed: Only part of a ReadProcessMemory or WriteProcessMemory request was completed. (0x12B)
[1022/231312.087:ERROR:process_memory_win.cc(73)] ReadMemory at 0x7ff86c26c428 of 18 bytes failed: Only part of a ReadProcessMemory or WriteProcessMemory request was completed. (0x12B)
[1022/231312.087:ERROR:process_memory_win.cc(73)] ReadMemory at 0x7ff86c29f4f8 of 40 bytes failed: Only part of a ReadProcessMemory or WriteProcessMemory request was completed. (0x12B)
[1022/231312.087:ERROR:process_memory_win.cc(73)] ReadMemory at 0x7ff86c29f978 of 48 bytes failed: Only part of a ReadProcessMemory or WriteProcessMemory request was completed. (0x12B)
[1022/231312.088:ERROR:process_memory_win.cc(73)] ReadMemory at 0x7ff86c2a53c0 of 64 bytes failed: Only part of a ReadProcessMemory or WriteProcessMemory request was completed. (0x12B)
[1022/231312.091:ERROR:scoped_process_suspend.cc(40)] NtResumeProcess: An attempt was made to access an exiting process. (0xc000010a)
